<?xml version="1.0" encoding="UTF-8"?>
<!-- Generated by org.testng.reporters.JUnitReportReporter -->
<testsuite hostname="DESKTOP-KTP2O60" failures="0" tests="1" name="com.pack.mod2.mod2" time="1.949" errors="0" timestamp="10 Jul 2023 13:54:30 GMT">
  <testcase classname="com.pack.mod2.mod2" name="deleteBook_delete" time="1.949"/>
</testsuite> <!-- com.pack.mod2.mod2 -->
